<?xml version="1.0" encoding="UTF-8"?>
<!-- Generated by org.testng.reporters.JUnitReportReporter -->
<testsuite skipped="0" hostname="DESKTOP-JJ9SRSQ" name="TestNG.GoogleTest" tests="2" failures="0" timestamp="2019-09-30T09:36:44 IST" time="25.395" errors="0">
  <testcase name="imageValidation" time="13.310" classname="TestNG.GoogleTest"/>
  <testcase name="googleTitleTest" time="12.085" classname="TestNG.GoogleTest"/>
</testsuite> <!-- TestNG.GoogleTest -->
