<?xml version="1.0" encoding="UTF-8"?>
<!-- Generated by org.testng.reporters.JUnitReportReporter -->
<testsuite skipped="0" hostname="DESKTOP-JJ9SRSQ" name="DataProviderTestNG" tests="5" failures="0" timestamp="2019-10-19T00:32:36 IST" time="0.019" errors="0">
  <testcase name="test" time="0.010" classname="DataProviderTestNG"/>
  <testcase name="test" time="0.001" classname="DataProviderTestNG"/>
  <testcase name="test" time="0.002" classname="DataProviderTestNG"/>
  <testcase name="test" time="0.006" classname="DataProviderTestNG"/>
  <testcase name="test" time="0.000" classname="DataProviderTestNG"/>
</testsuite> <!-- DataProviderTestNG -->
