<?xml version="1.0" encoding="UTF-8"?>
<!-- Generated by org.testng.reporters.JUnitReportReporter -->
<testsuite skipped="0" hostname="DESKTOP-JJ9SRSQ" name="OrangeHRMS.Exp" tests="3" failures="0" timestamp="2019-09-29T18:10:03 IST" time="26.248" errors="0">
  <testcase name="mouseOver" time="13.635" classname="OrangeHRMS.Exp"/>
  <testcase name="startUp" time="11.550" classname="OrangeHRMS.Exp"/>
  <testcase name="tearDown" time="1.063" classname="OrangeHRMS.Exp"/>
</testsuite> <!-- OrangeHRMS.Exp -->
