<?xml version="1.0" encoding="UTF-8"?>
<!-- Generated by org.testng.reporters.JUnitReportReporter -->
<testsuite skipped="0" hostname="DESKTOP-JJ9SRSQ" name="TestNG.TestNGPrc" tests="6" failures="0" timestamp="2019-09-30T09:36:44 IST" time="0.130" errors="0">
  <testcase name="searchTest" time="0.004" classname="TestNG.TestNGPrc"/>
  <testcase name="logout" time="0.002" classname="TestNG.TestNGPrc"/>
  <testcase name="deleteAllCookies" time="0.002" classname="TestNG.TestNGPrc"/>
  <testcase name="googleTitleTet" time="0.004" classname="TestNG.TestNGPrc"/>
  <testcase name="imageValidation" time="0.091" classname="TestNG.TestNGPrc"/>
  <testcase name="googleTitleTest" time="0.027" classname="TestNG.TestNGPrc"/>
</testsuite> <!-- TestNG.TestNGPrc -->
