<?xml version="1.0" encoding="UTF-8"?>
<!-- Generated by org.testng.reporters.JUnitReportReporter -->
<testsuite skipped="0" hostname="DESKTOP-JJ9SRSQ" name="TestNG.InvocationCount" tests="10" failures="0" timestamp="2019-09-30T09:36:44 IST" time="0.037" errors="0">
  <testcase name="sum" time="0.000" classname="TestNG.InvocationCount"/>
  <testcase name="sum" time="0.002" classname="TestNG.InvocationCount"/>
  <testcase name="sum" time="0.016" classname="TestNG.InvocationCount"/>
  <testcase name="sum" time="0.005" classname="TestNG.InvocationCount"/>
  <testcase name="sum" time="0.002" classname="TestNG.InvocationCount"/>
  <testcase name="sum" time="0.004" classname="TestNG.InvocationCount"/>
  <testcase name="sum" time="0.003" classname="TestNG.InvocationCount"/>
  <testcase name="sum" time="0.001" classname="TestNG.InvocationCount"/>
  <testcase name="sum" time="0.002" classname="TestNG.InvocationCount"/>
  <testcase name="sum" time="0.002" classname="TestNG.InvocationCount"/>
</testsuite> <!-- TestNG.InvocationCount -->
