<?xml version="1.0" encoding="UTF-8"?>
<!-- Generated by org.testng.reporters.JUnitReportReporter -->
<testsuite skipped="0" hostname="DESKTOP-JJ9SRSQ" name="OrangeHRMS.E2E" tests="2" failures="0" timestamp="2019-09-30T09:36:44 IST" time="26.161" errors="0">
  <testcase name="startUp" time="25.067" classname="OrangeHRMS.E2E"/>
  <testcase name="tearDown" time="1.094" classname="OrangeHRMS.E2E"/>
</testsuite> <!-- OrangeHRMS.E2E -->
