<?xml version="1.0" encoding="UTF-8"?>
<!-- Generated by org.testng.reporters.JUnitReportReporter -->
<testsuite skipped="0" hostname="DESKTOP-JJ9SRSQ" name="com.crm.qa.testcases.LoginPageTest" tests="2" failures="0" timestamp="2019-10-27T13:02:22 IST" time="37.890" errors="0">
  <testcase name="LoginPageTitleTestmethod" time="18.348" classname="com.crm.qa.testcases.LoginPageTest"/>
  <testcase name="loginTest" time="19.542" classname="com.crm.qa.testcases.LoginPageTest"/>
</testsuite> <!-- com.crm.qa.testcases.LoginPageTest -->
