<?xml version="1.0" encoding="UTF-8"?>
<!-- Generated by org.testng.reporters.JUnitReportReporter -->
<testsuite skipped="0" hostname="DESKTOP-JJ9SRSQ" name="com.crm.qa.testcases.ContactPageTest" tests="1" failures="0" timestamp="2019-10-27T13:02:22 IST" time="25.018" errors="0">
  <testcase name="verifyContactpageLabel" time="25.018" classname="com.crm.qa.testcases.ContactPageTest"/>
</testsuite> <!-- com.crm.qa.testcases.ContactPageTest -->
