<?xml version="1.0" encoding="UTF-8"?>
<!-- Generated by org.testng.reporters.JUnitReportReporter -->
<testsuite skipped="0" hostname="DESKTOP-JJ9SRSQ" name="com.crm.qa.testcases.HomePageTest" tests="3" failures="0" timestamp="2019-10-27T13:02:22 IST" time="60.946" errors="0">
  <testcase name="verifyHomePageTitle" time="19.912" classname="com.crm.qa.testcases.HomePageTest"/>
  <testcase name="verifyUserName" time="20.542" classname="com.crm.qa.testcases.HomePageTest"/>
  <testcase name="verifyContactsLinkTest" time="20.492" classname="com.crm.qa.testcases.HomePageTest"/>
</testsuite> <!-- com.crm.qa.testcases.HomePageTest -->
